"../../../Engine/Content/Functions/Engine_MaterialFunctions01/Shading/PowerToRoughness.uasset" 0
"../../../Engine/Content/Functions/Engine_MaterialFunctions01/Shading/PowerToRoughness.uexp" 1
"../../../Engine/Content/Functions/Engine_MaterialFunctions01/Shading/ConvertFromDiffSpec.uasset" 2
"../../../Engine/Content/Functions/Engine_MaterialFunctions01/Shading/ConvertFromDiffSpec.uexp" 3
"../../../Engine/Content/EngineSounds/Master.uasset" 4
"../../../Engine/Content/EngineSounds/Master.uexp" 5
"../../../Engine/Content/EngineSky/VolumetricClouds/CloudWeatherTexture.uasset" 6
"../../../Engine/Content/EngineSky/VolumetricClouds/CloudWeatherTexture.uexp" 7
"../../../Engine/Content/Functions/Engine_MaterialFunctions02/Utility/MakeFloat2.uasset" 8
"../../../Engine/Content/Functions/Engine_MaterialFunctions02/Utility/MakeFloat2.uexp" 9
"../../../Engine/Content/EngineSky/VolumetricClouds/CloudGradientTexture.uasset" 10
"../../../Engine/Content/EngineSky/VolumetricClouds/CloudGradientTexture.uexp" 11
"../../../Engine/Content/EngineSky/VolumetricClouds/T_NoiseShape64.ubulk" 12
"../../../Engine/Content/EngineSky/VolumetricClouds/T_NoiseShape64.uasset" 13
"../../../Engine/Content/EngineSky/VolumetricClouds/T_NoiseShape64.uexp" 14
"../../../Engine/Content/EngineSky/VolumetricClouds/T_VolumeNoiseShape64.uasset" 15
"../../../Engine/Content/EngineSky/VolumetricClouds/T_VolumeNoiseShape64.uexp" 16
"../../../Engine/Content/EngineSky/VolumetricClouds/T_NoiseErosion.ubulk" 17
"../../../Engine/Content/EngineSky/VolumetricClouds/T_NoiseErosion.uasset" 18
"../../../Engine/Content/EngineSky/VolumetricClouds/T_NoiseErosion.uexp" 19
"../../../Engine/Content/EngineSky/VolumetricClouds/T_VolumeNoiseErosion32.uasset" 20
"../../../Engine/Content/EngineSky/VolumetricClouds/T_VolumeNoiseErosion32.uexp" 21
"../../../Engine/Content/EngineSky/VolumetricClouds/m_SimpleVolumetricCloud.uasset" 22
"../../../Engine/Content/EngineSky/VolumetricClouds/m_SimpleVolumetricCloud.uexp" 23
"../../../Engine/Content/EngineSky/VolumetricClouds/m_SimpleVolumetricCloud_Inst.uasset" 24
"../../../Engine/Content/EngineSky/VolumetricClouds/m_SimpleVolumetricCloud_Inst.uexp" 25
"../../../Engine/Content/EngineResources/GradientTexture0.uasset" 26
"../../../Engine/Content/EngineResources/GradientTexture0.uexp" 27
"../../../Engine/Content/EngineResources/DefaultVolumeTexture2D.uasset" 28
"../../../Engine/Content/EngineResources/DefaultVolumeTexture2D.uexp" 29
"../../../Engine/Content/EngineResources/DefaultVolumeTexture.uasset" 30
"../../../Engine/Content/EngineResources/DefaultVolumeTexture.uexp" 31
"../../../Engine/Content/EngineResources/DefaultTextureCube.uasset" 32
"../../../Engine/Content/EngineResources/DefaultTextureCube.uexp" 33
"../../../Engine/Content/EngineResources/DefaultTexture.ubulk" 34
"../../../Engine/Content/EngineResources/DefaultTexture.uasset" 35
"../../../Engine/Content/EngineResources/DefaultTexture.uexp" 36
"../../../Engine/Content/EngineResources/Black.uasset" 37
"../../../Engine/Content/EngineResources/Black.uexp" 38
"../../../Engine/Content/EngineResources/FilmGrains/Marcie_Grain_v3_128_M2_000.uasset" 39
"../../../Engine/Content/EngineResources/FilmGrains/Marcie_Grain_v3_128_M2_000.uexp" 40
"../../../Engine/Content/EngineMeshes/Sphere.uasset" 41
"../../../Engine/Content/EngineMeshes/Sphere.uexp" 42
"../../../Engine/Content/EngineResources/WhiteSquareTexture.uasset" 43
"../../../Engine/Content/EngineResources/WhiteSquareTexture.uexp" 44
"../../../Engine/Content/EngineMaterials/Widget3DPassThrough.uasset" 45
"../../../Engine/Content/EngineMaterials/Widget3DPassThrough.uexp" 46
"../../../Engine/Content/EngineMaterials/Widget3DPassThrough_Translucent.uasset" 47
"../../../Engine/Content/EngineMaterials/Widget3DPassThrough_Translucent.uexp" 48
"../../../Engine/Content/EngineMaterials/Widget3DPassThrough_Translucent_OneSided.uasset" 49
"../../../Engine/Content/EngineMaterials/Widget3DPassThrough_Translucent_OneSided.uexp" 50
"../../../Engine/Content/EngineMaterials/Widget3DPassThrough_Opaque.uasset" 51
"../../../Engine/Content/EngineMaterials/Widget3DPassThrough_Opaque.uexp" 52
"../../../Engine/Content/EngineMaterials/Widget3DPassThrough_Opaque_OneSided.uasset" 53
"../../../Engine/Content/EngineMaterials/Widget3DPassThrough_Opaque_OneSided.uexp" 54
"../../../Engine/Content/EngineMaterials/Widget3DPassThrough_Masked_OneSided.uasset" 55
"../../../Engine/Content/EngineMaterials/Widget3DPassThrough_Masked_OneSided.uexp" 56
"../../../Engine/Content/EngineMaterials/Widget3DPassThrough_Masked.uasset" 57
"../../../Engine/Content/EngineMaterials/Widget3DPassThrough_Masked.uexp" 58
"../../../Engine/Content/EngineMaterials/WeightMapPlaceholderTexture.uasset" 59
"../../../Engine/Content/EngineMaterials/WeightMapPlaceholderTexture.uexp" 60
"../../../Engine/Content/EngineMaterials/RemoveSurfaceMaterial.uasset" 61
"../../../Engine/Content/EngineMaterials/RemoveSurfaceMaterial.uexp" 62
"../../../Engine/Content/EngineMaterials/PreintegratedSkinBRDF.uasset" 63
"../../../Engine/Content/EngineMaterials/PreintegratedSkinBRDF.uexp" 64
"../../../Engine/Content/EngineMaterials/DefaultCalibrationGrayscale.uasset" 65
"../../../Engine/Content/EngineMaterials/DefaultCalibrationGrayscale.uexp" 66
"../../../Engine/Content/EngineMaterials/PPM_DefaultCalibrationGrayscale.uasset" 67
"../../../Engine/Content/EngineMaterials/PPM_DefaultCalibrationGrayscale.uexp" 68
"../../../Engine/Content/EngineMaterials/DefaultCalibrationColor.uasset" 69
"../../../Engine/Content/EngineMaterials/DefaultCalibrationColor.uexp" 70
"../../../Engine/Content/EngineMaterials/PPM_DefaultCalibrationColor.uasset" 71
"../../../Engine/Content/EngineMaterials/PPM_DefaultCalibrationColor.uexp" 72
"../../../Engine/Content/Functions/Engine_MaterialFunctions02/WorldPositionOffset/CameraOffset.uasset" 73
"../../../Engine/Content/Functions/Engine_MaterialFunctions02/WorldPositionOffset/CameraOffset.uexp" 74
"../../../Engine/Content/EngineMaterials/PhAT_JointLimitMaterial.uasset" 75
"../../../Engine/Content/EngineMaterials/PhAT_JointLimitMaterial.uexp" 76
"../../../Engine/Content/EngineMaterials/InvalidLightmapSettings.ubulk" 77
"../../../Engine/Content/EngineMaterials/InvalidLightmapSettings.uasset" 78
"../../../Engine/Content/EngineMaterials/InvalidLightmapSettings.uexp" 79
"../../../Engine/Content/EngineMaterials/M_InvalidLightmapSettings.uasset" 80
"../../../Engine/Content/EngineMaterials/M_InvalidLightmapSettings.uexp" 81
"../../../Engine/Content/EngineMaterials/MiniFont.uasset" 82
"../../../Engine/Content/EngineMaterials/MiniFont.uexp" 83
"../../../Engine/Content/EngineMaterials/Good64x64TilingNoiseHighFreq.uasset" 84
"../../../Engine/Content/EngineMaterials/Good64x64TilingNoiseHighFreq.uexp" 85
"../../../Engine/Content/EngineMaterials/GizmoMaterial.uasset" 86
"../../../Engine/Content/EngineMaterials/GizmoMaterial.uexp" 87
"../../../Engine/Content/EngineMaterials/BaseFlattenEmissiveMap_VT.uasset" 88
"../../../Engine/Content/EngineMaterials/BaseFlattenEmissiveMap_VT.uexp" 89
"../../../Engine/Content/EngineMaterials/BaseFlattenGrayscaleMap_VT.uasset" 90
"../../../Engine/Content/EngineMaterials/BaseFlattenGrayscaleMap_VT.uexp" 91
"../../../Engine/Content/EngineMaterials/BaseFlattenLinearColor_VT.uasset" 92
"../../../Engine/Content/EngineMaterials/BaseFlattenLinearColor_VT.uexp" 93
"../../../Engine/Content/EngineMaterials/Black_1x1_EXR_Texture_VT.uasset" 94
"../../../Engine/Content/EngineMaterials/Black_1x1_EXR_Texture_VT.uexp" 95
"../../../Engine/Content/EngineMaterials/BaseFlattenDiffuseMap_VT.uasset" 96
"../../../Engine/Content/EngineMaterials/BaseFlattenDiffuseMap_VT.uexp" 97
"../../../Engine/Content/EngineMaterials/BaseFlattenNormalMap_VT.uasset" 98
"../../../Engine/Content/EngineMaterials/BaseFlattenNormalMap_VT.uexp" 99
"../../../Engine/Content/EngineMaterials/FlattenMaterial_WS_Normal_VT.uasset" 100
"../../../Engine/Content/EngineMaterials/FlattenMaterial_WS_Normal_VT.uexp" 101
"../../../Engine/Content/EngineMaterials/FlattenMaterial_VT.uasset" 102
"../../../Engine/Content/EngineMaterials/FlattenMaterial_VT.uexp" 103
"../../../Engine/Content/EngineMaterials/BaseFlattenNormalMap.uasset" 104
"../../../Engine/Content/EngineMaterials/BaseFlattenNormalMap.uexp" 105
"../../../Engine/Content/EngineMaterials/BaseFlattenGrayscaleMap.uasset" 106
"../../../Engine/Content/EngineMaterials/BaseFlattenGrayscaleMap.uexp" 107
"../../../Engine/Content/EngineMaterials/BaseFlattenDiffuseMap.uasset" 108
"../../../Engine/Content/EngineMaterials/BaseFlattenDiffuseMap.uexp" 109
"../../../Engine/Content/Functions/Engine_MaterialFunctions02/PivotPainter2/Black_1x1_EXR_Texture.uasset" 110
"../../../Engine/Content/Functions/Engine_MaterialFunctions02/PivotPainter2/Black_1x1_EXR_Texture.uexp" 111
"../../../Engine/Content/EngineMaterials/BaseFlattenEmissiveMap.uasset" 112
"../../../Engine/Content/EngineMaterials/BaseFlattenEmissiveMap.uexp" 113
"../../../Engine/Content/EngineMaterials/BaseFlattenLinearColor.uasset" 114
"../../../Engine/Content/EngineMaterials/BaseFlattenLinearColor.uexp" 115
"../../../Engine/Content/EngineMaterials/FlattenMaterial.uasset" 116
"../../../Engine/Content/EngineMaterials/FlattenMaterial.uexp" 117
"../../../Engine/Content/EngineMaterials/DefaultWhiteGrid_Low.uasset" 118
"../../../Engine/Content/EngineMaterials/DefaultWhiteGrid_Low.uexp" 119
"../../../Engine/Content/EngineMaterials/EmissiveMeshMaterial.uasset" 120
"../../../Engine/Content/EngineMaterials/EmissiveMeshMaterial.uexp" 121
"../../../Engine/Content/EngineFonts/RobotoDistanceField.uasset" 122
"../../../Engine/Content/EngineFonts/RobotoDistanceField.uexp" 123
"../../../Engine/Content/EngineMaterials/DefaultTextMaterialOpaque.uasset" 124
"../../../Engine/Content/EngineMaterials/DefaultTextMaterialOpaque.uexp" 125
"../../../Engine/Content/EngineMaterials/DefaultDiffuse.ubulk" 126
"../../../Engine/Content/EngineMaterials/DefaultDiffuse.uasset" 127
"../../../Engine/Content/EngineMaterials/DefaultDiffuse.uexp" 128
"../../../Engine/Content/Functions/Engine_MaterialFunctions02/Utility/BreakOutFloat2Components.uasset" 129
"../../../Engine/Content/Functions/Engine_MaterialFunctions02/Utility/BreakOutFloat2Components.uexp" 130
"../../../Engine/Content/EngineMaterials/DefaultPostProcessMaterial.uasset" 131
"../../../Engine/Content/EngineMaterials/DefaultPostProcessMaterial.uexp" 132
"../../../Engine/Content/EngineMaterials/DefaultLightFunctionMaterial.uasset" 133
"../../../Engine/Content/EngineMaterials/DefaultLightFunctionMaterial.uexp" 134
"../../../Engine/Content/EngineMaterials/DefaultDestructiblePhysicalMaterial.uasset" 135
"../../../Engine/Content/EngineMaterials/DefaultDestructiblePhysicalMaterial.uexp" 136
"../../../Engine/Content/EngineMaterials/DefaultDeferredDecalMaterial.uasset" 137
"../../../Engine/Content/EngineMaterials/DefaultDeferredDecalMaterial.uexp" 138
"../../../Engine/Content/EngineMaterials/DefaultBokeh.uasset" 139
"../../../Engine/Content/EngineMaterials/DefaultBokeh.uexp" 140
"../../../Engine/Content/EngineMaterials/DefaultBloomKernel.uasset" 141
"../../../Engine/Content/EngineMaterials/DefaultBloomKernel.uexp" 142
"../../../Engine/Content/EngineMaterials/BlueNoise.uasset" 143
"../../../Engine/Content/EngineMaterials/BlueNoise.uexp" 144
"../../../Engine/Content/EngineFonts/Faces/RobotoLight.uexp" 145
"../../../Engine/Content/EngineFonts/Faces/RobotoLight.uasset" 146
"../../../Engine/Content/EngineFonts/Faces/RobotoLight.ufont" 147
"../../../Engine/Content/EngineFonts/Faces/RobotoBold.uexp" 148
"../../../Engine/Content/EngineFonts/Faces/RobotoBold.uasset" 149
"../../../Engine/Content/EngineFonts/Faces/RobotoBold.ufont" 150
"../../../Engine/Content/EngineFonts/Faces/RobotoRegular.uexp" 151
"../../../Engine/Content/EngineFonts/Faces/RobotoRegular.uasset" 152
"../../../Engine/Content/EngineFonts/Faces/RobotoRegular.ufont" 153
"../../../Engine/Content/EngineFonts/Faces/DroidSansFallback.uexp" 154
"../../../Engine/Content/EngineFonts/Faces/DroidSansFallback.uasset" 155
"../../../Engine/Content/EngineFonts/Faces/DroidSansFallback.ufont" 156
"../../../Engine/Content/EngineFonts/Faces/RobotoItalic.uexp" 157
"../../../Engine/Content/EngineFonts/Faces/RobotoItalic.uasset" 158
"../../../Engine/Content/EngineFonts/Faces/RobotoItalic.ufont" 159
"../../../Engine/Content/EngineFonts/Faces/RobotoBoldItalic.uexp" 160
"../../../Engine/Content/EngineFonts/Faces/RobotoBoldItalic.uasset" 161
"../../../Engine/Content/EngineFonts/Faces/RobotoBoldItalic.ufont" 162
"../../../Engine/Content/EngineFonts/Roboto.uasset" 163
"../../../Engine/Content/EngineFonts/Roboto.uexp" 164
"../../../Engine/Content/Functions/Engine_MaterialFunctions02/Utility/CameraDirectionVector.uasset" 165
"../../../Engine/Content/Functions/Engine_MaterialFunctions02/Utility/CameraDirectionVector.uexp" 166
"../../../Engine/Content/EngineDebugMaterials/VolumeToRender.uasset" 167
"../../../Engine/Content/EngineDebugMaterials/VolumeToRender.uexp" 168
"../../../Engine/Content/EngineDebugMaterials/M_VolumeRenderSphereTracePP.uasset" 169
"../../../Engine/Content/EngineDebugMaterials/M_VolumeRenderSphereTracePP.uexp" 170
"../../../Engine/Content/EngineDebugMaterials/M_SimpleUnlitTranslucent.uasset" 171
"../../../Engine/Content/EngineDebugMaterials/M_SimpleUnlitTranslucent.uexp" 172
"../../../Engine/Content/EngineDebugMaterials/DebugMeshMaterial.uasset" 173
"../../../Engine/Content/EngineDebugMaterials/DebugMeshMaterial.uexp" 174
"../../../Engine/Content/EngineDebugMaterials/DebugEditorMaterial.uasset" 175
"../../../Engine/Content/EngineDebugMaterials/DebugEditorMaterial.uexp" 176
"../../../Engine/Content/EngineDamageTypes/DmgTypeBP_Environmental.uasset" 177
"../../../Engine/Content/EngineDamageTypes/DmgTypeBP_Environmental.uexp" 178
"../../../Engine/Content/EditorResources/S_TriggerSphere.uasset" 179
"../../../Engine/Content/EditorResources/S_TriggerSphere.uexp" 180
"../../../Engine/Content/EditorResources/S_TriggerCapsule.uasset" 181
"../../../Engine/Content/EditorResources/S_TriggerCapsule.uexp" 182
"../../../Engine/Content/EditorResources/S_TriggerBox.uasset" 183
"../../../Engine/Content/EditorResources/S_TriggerBox.uexp" 184
"../../../Engine/Content/EditorResources/S_Trigger.ubulk" 185
"../../../Engine/Content/EditorResources/S_Trigger.uasset" 186
"../../../Engine/Content/EditorResources/S_Trigger.uexp" 187
"../../../Engine/Content/EditorResources/S_Terrain.ubulk" 188
"../../../Engine/Content/EditorResources/S_Terrain.uasset" 189
"../../../Engine/Content/EditorResources/S_Terrain.uexp" 190
"../../../Engine/Content/EditorResources/S_Solver.ubulk" 191
"../../../Engine/Content/EditorResources/S_Solver.uasset" 192
"../../../Engine/Content/EditorResources/S_Solver.uexp" 193
"../../../Engine/Content/EditorResources/S_BoxReflectionCapture.uasset" 194
"../../../Engine/Content/EditorResources/S_BoxReflectionCapture.uexp" 195
"../../../Engine/Content/EditorResources/S_Actor.ubulk" 196
"../../../Engine/Content/EditorResources/S_Actor.uasset" 197
"../../../Engine/Content/EditorResources/S_Actor.uexp" 198
"../../../Engine/Content/EditorResources/EmptyActor.uasset" 199
"../../../Engine/Content/EditorResources/EmptyActor.uexp" 200
"../../../Engine/Content/EditorResources/BSPVertex.uasset" 201
"../../../Engine/Content/EditorResources/BSPVertex.uexp" 202
"../../../Engine/Content/EditorResources/SequenceRecorder/RecordingIndicator.uasset" 203
"../../../Engine/Content/EditorResources/SequenceRecorder/RecordingIndicator.uexp" 204
"../../../Engine/Content/EditorResources/SequenceRecorder/Countdown.uasset" 205
"../../../Engine/Content/EditorResources/SequenceRecorder/Countdown.uexp" 206
"../../../Engine/Content/EditorResources/LightIcons/S_LightError.uasset" 207
"../../../Engine/Content/EditorResources/LightIcons/S_LightError.uexp" 208
"../../../Engine/Content/EditorMaterials/Camera/CineMat.uasset" 209
"../../../Engine/Content/EditorMaterials/Camera/CineMat.uexp" 210
"../../../Engine/Content/EditorMaterials/Camera/MI_CineMat_Rig.uasset" 211
"../../../Engine/Content/EditorMaterials/Camera/MI_CineMat_Rig.uexp" 212
"../../../Engine/Content/EditorMeshes/Camera/SM_RailRig_Track.uasset" 213
"../../../Engine/Content/EditorMeshes/Camera/SM_RailRig_Track.uexp" 214
"../../../Engine/Content/EditorMeshes/Camera/SM_RailRig_Mount.uasset" 215
"../../../Engine/Content/EditorMeshes/Camera/SM_RailRig_Mount.uexp" 216
"../../../Engine/Content/EditorMeshes/Camera/SM_CraneRig_Mount.uasset" 217
"../../../Engine/Content/EditorMeshes/Camera/SM_CraneRig_Mount.uexp" 218
"../../../Engine/Content/EditorMeshes/Camera/SM_CraneRig_Body.uasset" 219
"../../../Engine/Content/EditorMeshes/Camera/SM_CraneRig_Body.uexp" 220
"../../../Engine/Content/EditorMeshes/Camera/SM_CraneRig_Base.uasset" 221
"../../../Engine/Content/EditorMeshes/Camera/SM_CraneRig_Base.uexp" 222
"../../../Engine/Content/EditorMeshes/Camera/SM_CraneRig_Arm.uasset" 223
"../../../Engine/Content/EditorMeshes/Camera/SM_CraneRig_Arm.uexp" 224
"../../../Engine/Content/EditorMaterials/PreviewShadowIndicator.ubulk" 225
"../../../Engine/Content/EditorMaterials/PreviewShadowIndicator.uasset" 226
"../../../Engine/Content/EditorMaterials/PreviewShadowIndicator.uexp" 227
"../../../Engine/Content/EditorMaterials/PreviewShadowIndicatorMaterial.uasset" 228
"../../../Engine/Content/EditorMaterials/PreviewShadowIndicatorMaterial.uexp" 229
"../../../Engine/Content/EditorMaterials/MAT_Groups_Visibility.uasset" 230
"../../../Engine/Content/EditorMaterials/MAT_Groups_Visibility.uexp" 231
"../../../Engine/Content/EditorMaterials/MAT_Groups_Toggle.uasset" 232
"../../../Engine/Content/EditorMaterials/MAT_Groups_Toggle.uexp" 233
"../../../Engine/Content/Functions/Engine_MaterialFunctions02/Utility/MakeFloat4.uasset" 234
"../../../Engine/Content/Functions/Engine_MaterialFunctions02/Utility/MakeFloat4.uexp" 235
"../../../Engine/Content/Functions/Engine_MaterialFunctions02/Utility/MakeFloat3.uasset" 236
"../../../Engine/Content/Functions/Engine_MaterialFunctions02/Utility/MakeFloat3.uexp" 237
"../../../Engine/Content/Functions/Engine_MaterialFunctions02/Utility/BreakOutFloat3Components.uasset" 238
"../../../Engine/Content/Functions/Engine_MaterialFunctions02/Utility/BreakOutFloat3Components.uexp" 239
"../../../Engine/Content/EditorMaterials/WorldPartition/WorldPartitionSpatialHashGridPreviewMaterial.uasset" 240
"../../../Engine/Content/EditorMaterials/WorldPartition/WorldPartitionSpatialHashGridPreviewMaterial.uexp" 241
"../../../Engine/Content/EditorMaterials/ParticleSystems/PSysThumbnail_OOD.ubulk" 242
"../../../Engine/Content/EditorMaterials/ParticleSystems/PSysThumbnail_OOD.uasset" 243
"../../../Engine/Content/EditorMaterials/ParticleSystems/PSysThumbnail_OOD.uexp" 244
"../../../Engine/Content/EditorMaterials/ParticleSystems/PSysThumbnail_NoImage.ubulk" 245
"../../../Engine/Content/EditorMaterials/ParticleSystems/PSysThumbnail_NoImage.uasset" 246
"../../../Engine/Content/EditorMaterials/ParticleSystems/PSysThumbnail_NoImage.uexp" 247
"../../../Engine/Content/EditorMaterials/MatineeGroups/MAT_Groups_Vector.uasset" 248
"../../../Engine/Content/EditorMaterials/MatineeGroups/MAT_Groups_Vector.uexp" 249
"../../../Engine/Content/EditorMaterials/MatineeGroups/MAT_Groups_Sound.uasset" 250
"../../../Engine/Content/EditorMaterials/MatineeGroups/MAT_Groups_Sound.uexp" 251
"../../../Engine/Content/EditorMaterials/MatineeGroups/MAT_Groups_Slomo.uasset" 252
"../../../Engine/Content/EditorMaterials/MatineeGroups/MAT_Groups_Slomo.uexp" 253
"../../../Engine/Content/EditorMaterials/MatineeGroups/MAT_Groups_Move.uasset" 254
"../../../Engine/Content/EditorMaterials/MatineeGroups/MAT_Groups_Move.uexp" 255
"../../../Engine/Content/EditorMaterials/MatineeGroups/MAT_Groups_Float.uasset" 256
"../../../Engine/Content/EditorMaterials/MatineeGroups/MAT_Groups_Float.uexp" 257
"../../../Engine/Content/EditorMaterials/MatineeGroups/MAT_Groups_Fade.uasset" 258
"../../../Engine/Content/EditorMaterials/MatineeGroups/MAT_Groups_Fade.uexp" 259
"../../../Engine/Content/EditorMaterials/MatineeGroups/MAT_Groups_Event.uasset" 260
"../../../Engine/Content/EditorMaterials/MatineeGroups/MAT_Groups_Event.uexp" 261
"../../../Engine/Content/EditorMaterials/MatineeGroups/MAT_Groups_Director.uasset" 262
"../../../Engine/Content/EditorMaterials/MatineeGroups/MAT_Groups_Director.uexp" 263
"../../../Engine/Content/EditorMaterials/MatineeGroups/MAT_Groups_AudioMaster.uasset" 264
"../../../Engine/Content/EditorMaterials/MatineeGroups/MAT_Groups_AudioMaster.uexp" 265
"../../../Engine/Content/EditorMaterials/MatineeGroups/MAT_Groups_Anim.uasset" 266
"../../../Engine/Content/EditorMaterials/MatineeGroups/MAT_Groups_Anim.uexp" 267
"../../../Engine/Content/EditorMaterials/MatineeGroups/MAT_ColorTrack.uasset" 268
"../../../Engine/Content/EditorMaterials/MatineeGroups/MAT_ColorTrack.uexp" 269
"../../../Engine/Content/EditorLandscapeResources/DefaultAlphaTexture.uasset" 270
"../../../Engine/Content/EditorLandscapeResources/DefaultAlphaTexture.uexp" 271
"../../../Engine/Content/EditorLandscapeResources/DataLayer.uasset" 272
"../../../Engine/Content/EditorLandscapeResources/DataLayer.uexp" 273
"../../../Engine/Content/EngineMaterials/T_Default_Material_Grid_M.ubulk" 274
"../../../Engine/Content/EngineMaterials/T_Default_Material_Grid_M.uasset" 275
"../../../Engine/Content/EngineMaterials/T_Default_Material_Grid_M.uexp" 276
"../../../Engine/Content/EngineMaterials/T_Default_Material_Grid_N.ubulk" 277
"../../../Engine/Content/EngineMaterials/T_Default_Material_Grid_N.uasset" 278
"../../../Engine/Content/EngineMaterials/T_Default_Material_Grid_N.uexp" 279
"../../../Engine/Content/Functions/Engine_MaterialFunctions01/Opacity/CameraDepthFade.uasset" 280
"../../../Engine/Content/Functions/Engine_MaterialFunctions01/Opacity/CameraDepthFade.uexp" 281
"../../../Engine/Content/EngineMaterials/WorldGridMaterial.uasset" 282
"../../../Engine/Content/EngineMaterials/WorldGridMaterial.uexp" 283
"../../../Engine/Content/BasicShapes/Plane.uasset" 284
"../../../Engine/Content/BasicShapes/Plane.uexp" 285
"../../../Engine/Content/EngineMaterials/DefaultMaterial.uasset" 286
"../../../Engine/Content/EngineMaterials/DefaultMaterial.uexp" 287
"../../../Engine/Content/BasicShapes/Cylinder.uasset" 288
"../../../Engine/Content/BasicShapes/Cylinder.uexp" 289
"../../../Engine/Content/BasicShapes/Cone.uasset" 290
"../../../Engine/Content/BasicShapes/Cone.uexp" 291
"../../../Engine/Content/ArtTools/RenderToTexture/Meshes/S_1_Unit_Plane.uasset" 292
"../../../Engine/Content/ArtTools/RenderToTexture/Meshes/S_1_Unit_Plane.uexp" 293
"../../../Engine/Content/Tutorial/ContentIntroCurve.uasset" 294
"../../../Engine/Content/Tutorial/ContentIntroCurve.uexp" 295
"../../../Engine/Content/VREditor/TransformGizmo/Main.uasset" 296
"../../../Engine/Content/VREditor/TransformGizmo/Main.uexp" 297
"../../../Engine/Content/VREditor/TransformGizmo/Xray.uasset" 298
"../../../Engine/Content/VREditor/TransformGizmo/Xray.uexp" 299
"../../../Engine/Content/VREditor/TransformGizmo/SM_Sequencer_Node.uasset" 300
"../../../Engine/Content/VREditor/TransformGizmo/SM_Sequencer_Node.uexp" 301
"../../../Engine/Content/VREditor/LaserPointer/VR_LaserPower_01.ubulk" 302
"../../../Engine/Content/VREditor/LaserPointer/VR_LaserPower_01.uasset" 303
"../../../Engine/Content/VREditor/LaserPointer/VR_LaserPower_01.uexp" 304
"../../../Engine/Content/VREditor/TransformGizmo/TransformGizmoMaterial.uasset" 305
"../../../Engine/Content/VREditor/TransformGizmo/TransformGizmoMaterial.uexp" 306
"../../../Engine/Content/VREditor/TransformGizmo/TranslucentTransformGizmoMaterial.uasset" 307
"../../../Engine/Content/VREditor/TransformGizmo/TranslucentTransformGizmoMaterial.uexp" 308
"../../../Engine/Content/VREditor/TransformGizmo/PlaneTranslationHandle.uasset" 309
"../../../Engine/Content/VREditor/TransformGizmo/PlaneTranslationHandle.uexp" 310
"../../../Engine/Content/VREditor/TransformGizmo/BoundingBoxEdge.uasset" 311
"../../../Engine/Content/VREditor/TransformGizmo/BoundingBoxEdge.uexp" 312
"../../../Engine/Content/VREditor/TransformGizmo/BoundingBoxCorner.uasset" 313
"../../../Engine/Content/VREditor/TransformGizmo/BoundingBoxCorner.uexp" 314
"../../../Engine/Plugins/2D/Paper2D/Content/PlaceholderTextures/DummySpriteTexture.ubulk" 315
"../../../Engine/Plugins/2D/Paper2D/Content/PlaceholderTextures/DummySpriteTexture.uasset" 316
"../../../Engine/Plugins/2D/Paper2D/Content/PlaceholderTextures/DummySpriteTexture.uexp" 317
"../../../Engine/Plugins/2D/Paper2D/Content/DefaultSpriteMaterial.uasset" 318
"../../../Engine/Plugins/2D/Paper2D/Content/DefaultSpriteMaterial.uexp" 319
"../../../Engine/Plugins/2D/Paper2D/Content/OpaqueUnlitSpriteMaterial.uasset" 320
"../../../Engine/Plugins/2D/Paper2D/Content/OpaqueUnlitSpriteMaterial.uexp" 321
"../../../Engine/Plugins/2D/Paper2D/Content/MaskedUnlitSpriteMaterial.uasset" 322
"../../../Engine/Plugins/2D/Paper2D/Content/MaskedUnlitSpriteMaterial.uexp" 323
"../../../Engine/Plugins/2D/Paper2D/Content/DummySprite.uasset" 324
"../../../Engine/Plugins/2D/Paper2D/Content/DummySprite.uexp" 325
"../../../Engine/Plugins/2D/Paper2D/Content/DefaultPaperTerrainMaterial.uasset" 326
"../../../Engine/Plugins/2D/Paper2D/Content/DefaultPaperTerrainMaterial.uexp" 327
"../../../Engine/Plugins/Animation/ControlRig/Content/M_Manip.uasset" 328
"../../../Engine/Plugins/Animation/ControlRig/Content/M_Manip.uexp" 329
"../../../Engine/Plugins/Animation/ControlRig/Content/Controls/DefaultGizmoLibraryNormalized.uasset" 330
"../../../Engine/Plugins/Animation/ControlRig/Content/Controls/DefaultGizmoLibraryNormalized.uexp" 331
"../../../Engine/Plugins/Animation/ControlRig/Content/Controls/ControlRig_Wedge_solid.uasset" 332
"../../../Engine/Plugins/Animation/ControlRig/Content/Controls/ControlRig_Wedge_solid.uexp" 333
"../../../Engine/Plugins/Animation/ControlRig/Content/Controls/ControlRig_Wedge_3mm.uasset" 334
"../../../Engine/Plugins/Animation/ControlRig/Content/Controls/ControlRig_Wedge_3mm.uexp" 335
"../../../Engine/Plugins/Animation/ControlRig/Content/Controls/ControlRig_Wedge_1mm.uasset" 336
"../../../Engine/Plugins/Animation/ControlRig/Content/Controls/ControlRig_Wedge_1mm.uexp" 337
"../../../Engine/Plugins/Animation/ControlRig/Content/Controls/ControlRig_Triangle_solid.uasset" 338
"../../../Engine/Plugins/Animation/ControlRig/Content/Controls/ControlRig_Triangle_solid.uexp" 339
"../../../Engine/Plugins/Animation/ControlRig/Content/Controls/ControlRig_Triangle_3mm.uasset" 340
"../../../Engine/Plugins/Animation/ControlRig/Content/Controls/ControlRig_Triangle_3mm.uexp" 341
"../../../Engine/Plugins/Animation/ControlRig/Content/Controls/ControlRig_Triangle_1mm.uasset" 342
"../../../Engine/Plugins/Animation/ControlRig/Content/Controls/ControlRig_Triangle_1mm.uexp" 343
"../../../Engine/Plugins/Animation/ControlRig/Content/Controls/ControlRig_Star4_solid.uasset" 344
"../../../Engine/Plugins/Animation/ControlRig/Content/Controls/ControlRig_Star4_solid.uexp" 345
"../../../Engine/Plugins/Animation/ControlRig/Content/Controls/ControlRig_Star4_3mm.uasset" 346
"../../../Engine/Plugins/Animation/ControlRig/Content/Controls/ControlRig_Star4_3mm.uexp" 347
"../../../Engine/Plugins/Animation/ControlRig/Content/Controls/ControlRig_Star4_1mm.uasset" 348
"../../../Engine/Plugins/Animation/ControlRig/Content/Controls/ControlRig_Star4_1mm.uexp" 349
"../../../Engine/Plugins/Animation/ControlRig/Content/Controls/ControlRig_Square_solid.uasset" 350
"../../../Engine/Plugins/Animation/ControlRig/Content/Controls/ControlRig_Square_solid.uexp" 351
"../../../Engine/Plugins/Animation/ControlRig/Content/Controls/ControlRig_Square_3mm.uasset" 352
"../../../Engine/Plugins/Animation/ControlRig/Content/Controls/ControlRig_Square_3mm.uexp" 353
"../../../Engine/Plugins/Animation/ControlRig/Content/Controls/ControlRig_Square_1mm.uasset" 354
"../../../Engine/Plugins/Animation/ControlRig/Content/Controls/ControlRig_Square_1mm.uexp" 355
"../../../Engine/Plugins/Animation/ControlRig/Content/Controls/ControlRig_Sphere_solid.uasset" 356
"../../../Engine/Plugins/Animation/ControlRig/Content/Controls/ControlRig_Sphere_solid.uexp" 357
"../../../Engine/Plugins/Animation/ControlRig/Content/Controls/ControlRig_Sphere_3mm.uasset" 358
"../../../Engine/Plugins/Animation/ControlRig/Content/Controls/ControlRig_Sphere_3mm.uexp" 359
"../../../Engine/Plugins/Animation/ControlRig/Content/Controls/ControlRig_Sphere_1mm.uasset" 360
"../../../Engine/Plugins/Animation/ControlRig/Content/Controls/ControlRig_Sphere_1mm.uexp" 361
"../../../Engine/Plugins/Animation/ControlRig/Content/Controls/ControlRig_RoundedTriangle_solid.uasset" 362
"../../../Engine/Plugins/Animation/ControlRig/Content/Controls/ControlRig_RoundedTriangle_solid.uexp" 363
"../../../Engine/Plugins/Animation/ControlRig/Content/Controls/ControlRig_RoundedTriangle_3mm.uasset" 364
"../../../Engine/Plugins/Animation/ControlRig/Content/Controls/ControlRig_RoundedTriangle_3mm.uexp" 365
"../../../Engine/Plugins/Animation/ControlRig/Content/Controls/ControlRig_RoundedTriangle_1mm.uasset" 366
"../../../Engine/Plugins/Animation/ControlRig/Content/Controls/ControlRig_RoundedTriangle_1mm.uexp" 367
"../../../Engine/Plugins/Animation/ControlRig/Content/Controls/ControlRig_RoundedSquare_solid.uasset" 368
"../../../Engine/Plugins/Animation/ControlRig/Content/Controls/ControlRig_RoundedSquare_solid.uexp" 369
"../../../Engine/Plugins/Animation/ControlRig/Content/Controls/ControlRig_RoundedSquare_3mm.uasset" 370
"../../../Engine/Plugins/Animation/ControlRig/Content/Controls/ControlRig_RoundedSquare_3mm.uexp" 371
"../../../Engine/Plugins/Animation/ControlRig/Content/Controls/ControlRig_RoundedSquare_1mm.uasset" 372
"../../../Engine/Plugins/Animation/ControlRig/Content/Controls/ControlRig_RoundedSquare_1mm.uexp" 373
"../../../Engine/Plugins/Animation/ControlRig/Content/Controls/ControlRig_QuarterCircle_solid.uasset" 374
"../../../Engine/Plugins/Animation/ControlRig/Content/Controls/ControlRig_QuarterCircle_solid.uexp" 375
"../../../Engine/Plugins/Animation/ControlRig/Content/Controls/ControlRig_QuarterCircle_3mm.uasset" 376
"../../../Engine/Plugins/Animation/ControlRig/Content/Controls/ControlRig_QuarterCircle_3mm.uexp" 377
"../../../Engine/Plugins/Animation/ControlRig/Content/Controls/ControlRig_QuarterCircle_1mm.uasset" 378
"../../../Engine/Plugins/Animation/ControlRig/Content/Controls/ControlRig_QuarterCircle_1mm.uexp" 379
"../../../Engine/Plugins/Animation/ControlRig/Content/Controls/ControlRig_Pyramid_solid.uasset" 380
"../../../Engine/Plugins/Animation/ControlRig/Content/Controls/ControlRig_Pyramid_solid.uexp" 381
"../../../Engine/Plugins/Animation/ControlRig/Content/Controls/ControlRig_Pyramid_3mm.uasset" 382
"../../../Engine/Plugins/Animation/ControlRig/Content/Controls/ControlRig_Pyramid_3mm.uexp" 383
"../../../Engine/Plugins/Animation/ControlRig/Content/Controls/ControlRig_Pyramid_1mm.uasset" 384
"../../../Engine/Plugins/Animation/ControlRig/Content/Controls/ControlRig_Pyramid_1mm.uexp" 385
"../../../Engine/Plugins/Animation/ControlRig/Content/Controls/ControlRig_Octagon_solid.uasset" 386
"../../../Engine/Plugins/Animation/ControlRig/Content/Controls/ControlRig_Octagon_solid.uexp" 387
"../../../Engine/Plugins/Animation/ControlRig/Content/Controls/ControlRig_Octagon_3mm.uasset" 388
"../../../Engine/Plugins/Animation/ControlRig/Content/Controls/ControlRig_Octagon_3mm.uexp" 389
"../../../Engine/Plugins/Animation/ControlRig/Content/Controls/ControlRig_Octagon_1mm.uasset" 390
"../../../Engine/Plugins/Animation/ControlRig/Content/Controls/ControlRig_Octagon_1mm.uexp" 391
"../../../Engine/Plugins/Animation/ControlRig/Content/Controls/ControlRig_Hexagon_solid.uasset" 392
"../../../Engine/Plugins/Animation/ControlRig/Content/Controls/ControlRig_Hexagon_solid.uexp" 393
"../../../Engine/Plugins/Animation/ControlRig/Content/Controls/ControlRig_Hexagon_3mm.uasset" 394
"../../../Engine/Plugins/Animation/ControlRig/Content/Controls/ControlRig_Hexagon_3mm.uexp" 395
"../../../Engine/Plugins/Animation/ControlRig/Content/Controls/ControlRig_Hexagon_1mm.uasset" 396
"../../../Engine/Plugins/Animation/ControlRig/Content/Controls/ControlRig_Hexagon_1mm.uexp" 397
"../../../Engine/Plugins/Animation/ControlRig/Content/Controls/ControlRig_HalfCircle_solid.uasset" 398
"../../../Engine/Plugins/Animation/ControlRig/Content/Controls/ControlRig_HalfCircle_solid.uexp" 399
"../../../Engine/Plugins/Animation/ControlRig/Content/Controls/ControlRig_HalfCircle_3mm.uasset" 400
"../../../Engine/Plugins/Animation/ControlRig/Content/Controls/ControlRig_HalfCircle_3mm.uexp" 401
"../../../Engine/Plugins/Animation/ControlRig/Content/Controls/ControlRig_HalfCircle_1mm.uasset" 402
"../../../Engine/Plugins/Animation/ControlRig/Content/Controls/ControlRig_HalfCircle_1mm.uexp" 403
"../../../Engine/Plugins/Animation/ControlRig/Content/Controls/ControlRig_Diamond_solid.uasset" 404
"../../../Engine/Plugins/Animation/ControlRig/Content/Controls/ControlRig_Diamond_solid.uexp" 405
"../../../Engine/Plugins/Animation/ControlRig/Content/Controls/ControlRig_Diamond_3mm.uasset" 406
"../../../Engine/Plugins/Animation/ControlRig/Content/Controls/ControlRig_Diamond_3mm.uexp" 407
"../../../Engine/Plugins/Animation/ControlRig/Content/Controls/ControlRig_Diamond_1mm.uasset" 408
"../../../Engine/Plugins/Animation/ControlRig/Content/Controls/ControlRig_Diamond_1mm.uexp" 409
"../../../Engine/Plugins/Animation/ControlRig/Content/Controls/ControlRig_Circle_solid.uasset" 410
"../../../Engine/Plugins/Animation/ControlRig/Content/Controls/ControlRig_Circle_solid.uexp" 411
"../../../Engine/Plugins/Animation/ControlRig/Content/Controls/ControlRig_Circle_3mm.uasset" 412
"../../../Engine/Plugins/Animation/ControlRig/Content/Controls/ControlRig_Circle_3mm.uexp" 413
"../../../Engine/Plugins/Animation/ControlRig/Content/Controls/ControlRig_Circle_1mm.uasset" 414
"../../../Engine/Plugins/Animation/ControlRig/Content/Controls/ControlRig_Circle_1mm.uexp" 415
"../../../Engine/Plugins/Animation/ControlRig/Content/Controls/ControlRig_Box_solid.uasset" 416
"../../../Engine/Plugins/Animation/ControlRig/Content/Controls/ControlRig_Box_solid.uexp" 417
"../../../Engine/Plugins/Animation/ControlRig/Content/Controls/ControlRig_Box_3mm.uasset" 418
"../../../Engine/Plugins/Animation/ControlRig/Content/Controls/ControlRig_Box_3mm.uexp" 419
"../../../Engine/Plugins/Animation/ControlRig/Content/Controls/ControlRig_Box_1mm.uasset" 420
"../../../Engine/Plugins/Animation/ControlRig/Content/Controls/ControlRig_Box_1mm.uexp" 421
"../../../Engine/Plugins/Animation/ControlRig/Content/Controls/ControlRig_Arrow_solid.uasset" 422
"../../../Engine/Plugins/Animation/ControlRig/Content/Controls/ControlRig_Arrow_solid.uexp" 423
"../../../Engine/Plugins/Animation/ControlRig/Content/Controls/ControlRig_Arrow_3mm.uasset" 424
"../../../Engine/Plugins/Animation/ControlRig/Content/Controls/ControlRig_Arrow_3mm.uexp" 425
"../../../Engine/Plugins/Animation/ControlRig/Content/Controls/ControlRig_Arrow_1mm.uasset" 426
"../../../Engine/Plugins/Animation/ControlRig/Content/Controls/ControlRig_Arrow_1mm.uexp" 427
"../../../Engine/Plugins/Animation/ControlRig/Content/Controls/ControlRig_Arrow4_solid.uasset" 428
"../../../Engine/Plugins/Animation/ControlRig/Content/Controls/ControlRig_Arrow4_solid.uexp" 429
"../../../Engine/Plugins/Animation/ControlRig/Content/Controls/ControlRig_Arrow4_3mm.uasset" 430
"../../../Engine/Plugins/Animation/ControlRig/Content/Controls/ControlRig_Arrow4_3mm.uexp" 431
"../../../Engine/Plugins/Animation/ControlRig/Content/Controls/ControlRig_Arrow4_1mm.uasset" 432
"../../../Engine/Plugins/Animation/ControlRig/Content/Controls/ControlRig_Arrow4_1mm.uexp" 433
"../../../Engine/Plugins/Animation/ControlRig/Content/Controls/ControlRig_Arrow2_solid.uasset" 434
"../../../Engine/Plugins/Animation/ControlRig/Content/Controls/ControlRig_Arrow2_solid.uexp" 435
"../../../Engine/Plugins/Animation/ControlRig/Content/Controls/ControlRig_Arrow2_3mm.uasset" 436
"../../../Engine/Plugins/Animation/ControlRig/Content/Controls/ControlRig_Arrow2_3mm.uexp" 437
"../../../Engine/Plugins/Animation/ControlRig/Content/Controls/ControlRig_Arrow2_1mm.uasset" 438
"../../../Engine/Plugins/Animation/ControlRig/Content/Controls/ControlRig_Arrow2_1mm.uexp" 439
"../../../Engine/Plugins/Animation/ControlRig/Content/Controls/ControlRigGizmoMaterial.uasset" 440
"../../../Engine/Plugins/Animation/ControlRig/Content/Controls/ControlRigGizmoMaterial.uexp" 441
"../../../Engine/Plugins/Editor/SpeedTreeImporter/Content/SpeedTree9/game_wind_noise.ubulk" 442
"../../../Engine/Plugins/Editor/SpeedTreeImporter/Content/SpeedTree9/game_wind_noise.uasset" 443
"../../../Engine/Plugins/Editor/SpeedTreeImporter/Content/SpeedTree9/game_wind_noise.uexp" 444
"../../../Engine/Plugins/Editor/SpeedTreeImporter/Content/SpeedTree9/UnpackDirection.uasset" 445
"../../../Engine/Plugins/Editor/SpeedTreeImporter/Content/SpeedTree9/UnpackDirection.uexp" 446
"../../../Engine/Content/Functions/Engine_MaterialFunctions02/ObjectLocalBounds.uasset" 447
"../../../Engine/Content/Functions/Engine_MaterialFunctions02/ObjectLocalBounds.uexp" 448
"../../../Engine/Content/Functions/Engine_MaterialFunctions02/UVs/BoundingBoxBased_0-1_UVW.uasset" 449
"../../../Engine/Content/Functions/Engine_MaterialFunctions02/UVs/BoundingBoxBased_0-1_UVW.uexp" 450
"../../../Engine/Content/Functions/Engine_MaterialFunctions02/Utility/VectorLength.uasset" 451
"../../../Engine/Content/Functions/Engine_MaterialFunctions02/Utility/VectorLength.uexp" 452
"../../../Engine/Plugins/Editor/SpeedTreeImporter/Content/SpeedTree9/UnpackInteger3.uasset" 453
"../../../Engine/Plugins/Editor/SpeedTreeImporter/Content/SpeedTree9/UnpackInteger3.uexp" 454
"../../../Engine/Plugins/Editor/SpeedTreeImporter/Content/SpeedTree9/SpeedTreeCameraFacing.uasset" 455
"../../../Engine/Plugins/Editor/SpeedTreeImporter/Content/SpeedTree9/SpeedTreeCameraFacing.uexp" 456
"../../../Engine/Content/Functions/Engine_MaterialFunctions02/WorldPositionOffset/ObjectScale.uasset" 457
"../../../Engine/Content/Functions/Engine_MaterialFunctions02/WorldPositionOffset/ObjectScale.uexp" 458
"../../../Engine/Content/Functions/Engine_MaterialFunctions02/SafeNormalize.uasset" 459
"../../../Engine/Content/Functions/Engine_MaterialFunctions02/SafeNormalize.uexp" 460
"../../../Engine/Plugins/Editor/SpeedTreeImporter/Content/SpeedTree9/SpeedTreeWindMotion.uasset" 461
"../../../Engine/Plugins/Editor/SpeedTreeImporter/Content/SpeedTree9/SpeedTreeWindMotion.uexp" 462
"../../../Engine/Plugins/Editor/SpeedTreeImporter/Content/SpeedTree9/SpeedTreeBranchMotion.uasset" 463
"../../../Engine/Plugins/Editor/SpeedTreeImporter/Content/SpeedTree9/SpeedTreeBranchMotion.uexp" 464
"../../../Engine/Plugins/Editor/SpeedTreeImporter/Content/SpeedTree9/SpeedTreeWind.uasset" 465
"../../../Engine/Plugins/Editor/SpeedTreeImporter/Content/SpeedTree9/SpeedTreeWind.uexp" 466
"../../../Engine/Plugins/Editor/SpeedTreeImporter/Content/SpeedTree9/EmptyNormal.uasset" 467
"../../../Engine/Plugins/Editor/SpeedTreeImporter/Content/SpeedTree9/EmptyNormal.uexp" 468
"../../../Engine/Plugins/Editor/SpeedTreeImporter/Content/SpeedTree9/Empty.uasset" 469
"../../../Engine/Plugins/Editor/SpeedTreeImporter/Content/SpeedTree9/Empty.uexp" 470
"../../../Engine/Plugins/Editor/SpeedTreeImporter/Content/SpeedTree9/SpeedTreeMaster.uasset" 471
"../../../Engine/Plugins/Editor/SpeedTreeImporter/Content/SpeedTree9/SpeedTreeMaster.uexp" 472
"../../../Engine/Plugins/Editor/SpeedTreeImporter/Content/SpeedTree9/SpeedTreeBillboard.uasset" 473
"../../../Engine/Plugins/Editor/SpeedTreeImporter/Content/SpeedTree9/SpeedTreeBillboard.uexp" 474
"../../../Engine/Plugins/Editor/SpeedTreeImporter/Content/SpeedTree9/SpeedTreeBillboardMaster.uasset" 475
"../../../Engine/Plugins/Editor/SpeedTreeImporter/Content/SpeedTree9/SpeedTreeBillboardMaster.uexp" 476
"../../../Engine/Plugins/Runtime/HairStrands/Content/Materials/HairMeshesDefaultMaterial.uasset" 477
"../../../Engine/Plugins/Runtime/HairStrands/Content/Materials/HairMeshesDefaultMaterial.uexp" 478
"../../../Engine/Plugins/Runtime/HairStrands/Content/Materials/HairDefaultMaterial.uasset" 479
"../../../Engine/Plugins/Runtime/HairStrands/Content/Materials/HairDefaultMaterial.uexp" 480
"../../../Engine/Plugins/Runtime/HairStrands/Content/Materials/HairGroupColors.uasset" 481
"../../../Engine/Plugins/Runtime/HairStrands/Content/Materials/HairGroupColors.uexp" 482
"../../../Engine/Content/EngineMaterials/HairColorMap.uasset" 483
"../../../Engine/Content/EngineMaterials/HairColorMap.uexp" 484
"../../../Engine/Content/EngineMaterials/HairDebugColor.uasset" 485
"../../../Engine/Content/EngineMaterials/HairDebugColor.uexp" 486
"../../../Engine/Plugins/Runtime/HairStrands/Content/Materials/HairDebugMaterial.uasset" 487
"../../../Engine/Plugins/Runtime/HairStrands/Content/Materials/HairDebugMaterial.uexp" 488
"../../../Engine/Plugins/Runtime/HairStrands/Content/Materials/HairCardsDefaultMaterial.uasset" 489
"../../../Engine/Plugins/Runtime/HairStrands/Content/Materials/HairCardsDefaultMaterial.uexp" 490
"F:/Git/GravitySpace/Game/Unreal Project/GravitySpace/Content/Blueprints/PlayerStart_Blueprint.uasset" 491
"F:/Git/GravitySpace/Game/Unreal Project/GravitySpace/Content/Blueprints/PlayerStart_Blueprint.uexp" 492
"../../../Engine/Content/BasicShapes/Cube.uasset" 493
"../../../Engine/Content/BasicShapes/Cube.uexp" 494
"F:/Git/GravitySpace/Game/Unreal Project/GravitySpace/Content/LevelPrototyping/Textures/T_GridChecker_A.ubulk" 495
"F:/Git/GravitySpace/Game/Unreal Project/GravitySpace/Content/LevelPrototyping/Textures/T_GridChecker_A.uasset" 496
"F:/Git/GravitySpace/Game/Unreal Project/GravitySpace/Content/LevelPrototyping/Textures/T_GridChecker_A.uexp" 497
"../../../Engine/Content/Functions/Engine_MaterialFunctions01/Gradient/LinearGradient.uasset" 498
"../../../Engine/Content/Functions/Engine_MaterialFunctions01/Gradient/LinearGradient.uexp" 499
"../../../Engine/Content/Functions/Engine_MaterialFunctions01/ImageAdjustment/CheapContrast.uasset" 500
"../../../Engine/Content/Functions/Engine_MaterialFunctions01/ImageAdjustment/CheapContrast.uexp" 501
"F:/Git/GravitySpace/Game/Unreal Project/GravitySpace/Content/LevelPrototyping/Materials/MF_ProcGrid.uasset" 502
"F:/Git/GravitySpace/Game/Unreal Project/GravitySpace/Content/LevelPrototyping/Materials/MF_ProcGrid.uexp" 503
"F:/Git/GravitySpace/Game/Unreal Project/GravitySpace/Content/LevelPrototyping/Textures/DefaultWhiteGrid.ubulk" 504
"F:/Git/GravitySpace/Game/Unreal Project/GravitySpace/Content/LevelPrototyping/Textures/DefaultWhiteGrid.uasset" 505
"F:/Git/GravitySpace/Game/Unreal Project/GravitySpace/Content/LevelPrototyping/Textures/DefaultWhiteGrid.uexp" 506
"F:/Git/GravitySpace/Game/Unreal Project/GravitySpace/Content/LevelPrototyping/Materials/M_PrototypeMovebleGrid.uasset" 507
"F:/Git/GravitySpace/Game/Unreal Project/GravitySpace/Content/LevelPrototyping/Materials/M_PrototypeMovebleGrid.uexp" 508
"F:/Git/GravitySpace/Game/Unreal Project/GravitySpace/Content/LevelPrototyping/Materials/M_PrototypeGrid.uasset" 509
"F:/Git/GravitySpace/Game/Unreal Project/GravitySpace/Content/LevelPrototyping/Materials/M_PrototypeGrid.uexp" 510
"F:/Git/GravitySpace/Game/Unreal Project/GravitySpace/Content/LevelPrototyping/Materials/MI_PrototypeGrid_TopDark.uasset" 511
"F:/Git/GravitySpace/Game/Unreal Project/GravitySpace/Content/LevelPrototyping/Materials/MI_PrototypeGrid_TopDark.uexp" 512
"../../../Engine/Content/Functions/Engine_MaterialFunctions02/ScreenResolution.uasset" 513
"../../../Engine/Content/Functions/Engine_MaterialFunctions02/ScreenResolution.uexp" 514
"../../../Engine/Content/EngineMaterials/Grid.ubulk" 515
"../../../Engine/Content/EngineMaterials/Grid.uasset" 516
"../../../Engine/Content/EngineMaterials/Grid.uexp" 517
"../../../Engine/Content/Functions/Engine_MaterialFunctions01/Texturing/WorldAlignedTexture.uasset" 518
"../../../Engine/Content/Functions/Engine_MaterialFunctions01/Texturing/WorldAlignedTexture.uexp" 519
"../../../Engine/Content/EditorMaterials/GeometryCollection/SelectedGeometryMaterial.uasset" 520
"../../../Engine/Content/EditorMaterials/GeometryCollection/SelectedGeometryMaterial.uexp" 521
"F:/Git/GravitySpace/Game/Unreal Project/GravitySpace/Content/Blueprints/BP_DestructibleObstacle.uasset" 522
"F:/Git/GravitySpace/Game/Unreal Project/GravitySpace/Content/Blueprints/BP_DestructibleObstacle.uexp" 523
"F:/Git/GravitySpace/Game/Unreal Project/GravitySpace/Content/Blueprints/BP_DodgeableObstacle.uasset" 524
"F:/Git/GravitySpace/Game/Unreal Project/GravitySpace/Content/Blueprints/BP_DodgeableObstacle.uexp" 525
"F:/Git/GravitySpace/Game/Unreal Project/GravitySpace/Content/Blueprints/BP_GameInstance.uasset" 526
"F:/Git/GravitySpace/Game/Unreal Project/GravitySpace/Content/Blueprints/BP_GameInstance.uexp" 527
"../../../Engine/Content/MapTemplates/Materials/BasicAsset01.uasset" 528
"../../../Engine/Content/MapTemplates/Materials/BasicAsset01.uexp" 529
"../../../Engine/Content/EngineMaterials/DefaultPhysicalMaterial.uasset" 530
"../../../Engine/Content/EngineMaterials/DefaultPhysicalMaterial.uexp" 531
"F:/Git/GravitySpace/Game/Unreal Project/GravitySpace/Content/Assets/Textures/Camada_9.uasset" 532
"F:/Git/GravitySpace/Game/Unreal Project/GravitySpace/Content/Assets/Textures/Camada_9.uexp" 533
"F:/Git/GravitySpace/Game/Unreal Project/GravitySpace/Content/Assets/Sprites/Camada_9_Sprite.uasset" 534
"F:/Git/GravitySpace/Game/Unreal Project/GravitySpace/Content/Assets/Sprites/Camada_9_Sprite.uexp" 535
"F:/Git/GravitySpace/Game/Unreal Project/GravitySpace/Content/Assets/Textures/Camada_8.uasset" 536
"F:/Git/GravitySpace/Game/Unreal Project/GravitySpace/Content/Assets/Textures/Camada_8.uexp" 537
"F:/Git/GravitySpace/Game/Unreal Project/GravitySpace/Content/Assets/Sprites/Camada_8_Sprite.uasset" 538
"F:/Git/GravitySpace/Game/Unreal Project/GravitySpace/Content/Assets/Sprites/Camada_8_Sprite.uexp" 539
"F:/Git/GravitySpace/Game/Unreal Project/GravitySpace/Content/Assets/Textures/Camada_7.uasset" 540
"F:/Git/GravitySpace/Game/Unreal Project/GravitySpace/Content/Assets/Textures/Camada_7.uexp" 541
"F:/Git/GravitySpace/Game/Unreal Project/GravitySpace/Content/Assets/Sprites/Camada_7_Sprite.uasset" 542
"F:/Git/GravitySpace/Game/Unreal Project/GravitySpace/Content/Assets/Sprites/Camada_7_Sprite.uexp" 543
"F:/Git/GravitySpace/Game/Unreal Project/GravitySpace/Content/Assets/Textures/Camada_6.uasset" 544
"F:/Git/GravitySpace/Game/Unreal Project/GravitySpace/Content/Assets/Textures/Camada_6.uexp" 545
"F:/Git/GravitySpace/Game/Unreal Project/GravitySpace/Content/Assets/Sprites/Camada_6_Sprite.uasset" 546
"F:/Git/GravitySpace/Game/Unreal Project/GravitySpace/Content/Assets/Sprites/Camada_6_Sprite.uexp" 547
"F:/Git/GravitySpace/Game/Unreal Project/GravitySpace/Content/Assets/Textures/Camada_5.uasset" 548
"F:/Git/GravitySpace/Game/Unreal Project/GravitySpace/Content/Assets/Textures/Camada_5.uexp" 549
"F:/Git/GravitySpace/Game/Unreal Project/GravitySpace/Content/Assets/Sprites/Camada_5_Sprite.uasset" 550
"F:/Git/GravitySpace/Game/Unreal Project/GravitySpace/Content/Assets/Sprites/Camada_5_Sprite.uexp" 551
"F:/Git/GravitySpace/Game/Unreal Project/GravitySpace/Content/Assets/Textures/Camada_4.uasset" 552
"F:/Git/GravitySpace/Game/Unreal Project/GravitySpace/Content/Assets/Textures/Camada_4.uexp" 553
"F:/Git/GravitySpace/Game/Unreal Project/GravitySpace/Content/Assets/Sprites/Camada_4_Sprite.uasset" 554
"F:/Git/GravitySpace/Game/Unreal Project/GravitySpace/Content/Assets/Sprites/Camada_4_Sprite.uexp" 555
"F:/Git/GravitySpace/Game/Unreal Project/GravitySpace/Content/Assets/Textures/Camada_3.uasset" 556
"F:/Git/GravitySpace/Game/Unreal Project/GravitySpace/Content/Assets/Textures/Camada_3.uexp" 557
"F:/Git/GravitySpace/Game/Unreal Project/GravitySpace/Content/Assets/Sprites/Camada_3_Sprite.uasset" 558
"F:/Git/GravitySpace/Game/Unreal Project/GravitySpace/Content/Assets/Sprites/Camada_3_Sprite.uexp" 559
"F:/Git/GravitySpace/Game/Unreal Project/GravitySpace/Content/Assets/Textures/Camada_2.uasset" 560
"F:/Git/GravitySpace/Game/Unreal Project/GravitySpace/Content/Assets/Textures/Camada_2.uexp" 561
"F:/Git/GravitySpace/Game/Unreal Project/GravitySpace/Content/Assets/Sprites/Camada_2_Sprite.uasset" 562
"F:/Git/GravitySpace/Game/Unreal Project/GravitySpace/Content/Assets/Sprites/Camada_2_Sprite.uexp" 563
"F:/Git/GravitySpace/Game/Unreal Project/GravitySpace/Content/Assets/Textures/Camada_25.uasset" 564
"F:/Git/GravitySpace/Game/Unreal Project/GravitySpace/Content/Assets/Textures/Camada_25.uexp" 565
"F:/Git/GravitySpace/Game/Unreal Project/GravitySpace/Content/Assets/Sprites/Camada_25_Sprite.uasset" 566
"F:/Git/GravitySpace/Game/Unreal Project/GravitySpace/Content/Assets/Sprites/Camada_25_Sprite.uexp" 567
"F:/Git/GravitySpace/Game/Unreal Project/GravitySpace/Content/Assets/Textures/Camada_24.uasset" 568
"F:/Git/GravitySpace/Game/Unreal Project/GravitySpace/Content/Assets/Textures/Camada_24.uexp" 569
"F:/Git/GravitySpace/Game/Unreal Project/GravitySpace/Content/Assets/Sprites/Camada_24_Sprite.uasset" 570
"F:/Git/GravitySpace/Game/Unreal Project/GravitySpace/Content/Assets/Sprites/Camada_24_Sprite.uexp" 571
"F:/Git/GravitySpace/Game/Unreal Project/GravitySpace/Content/Assets/Textures/Camada_23.uasset" 572
"F:/Git/GravitySpace/Game/Unreal Project/GravitySpace/Content/Assets/Textures/Camada_23.uexp" 573
"F:/Git/GravitySpace/Game/Unreal Project/GravitySpace/Content/Assets/Sprites/Camada_23_Sprite.uasset" 574
"F:/Git/GravitySpace/Game/Unreal Project/GravitySpace/Content/Assets/Sprites/Camada_23_Sprite.uexp" 575
"F:/Git/GravitySpace/Game/Unreal Project/GravitySpace/Content/Assets/Textures/Camada_22.uasset" 576
"F:/Git/GravitySpace/Game/Unreal Project/GravitySpace/Content/Assets/Textures/Camada_22.uexp" 577
"F:/Git/GravitySpace/Game/Unreal Project/GravitySpace/Content/Assets/Sprites/Camada_22_Sprite.uasset" 578
"F:/Git/GravitySpace/Game/Unreal Project/GravitySpace/Content/Assets/Sprites/Camada_22_Sprite.uexp" 579
"F:/Git/GravitySpace/Game/Unreal Project/GravitySpace/Content/Assets/Textures/Camada_21.uasset" 580
"F:/Git/GravitySpace/Game/Unreal Project/GravitySpace/Content/Assets/Textures/Camada_21.uexp" 581
"F:/Git/GravitySpace/Game/Unreal Project/GravitySpace/Content/Assets/Sprites/Camada_21_Sprite.uasset" 582
"F:/Git/GravitySpace/Game/Unreal Project/GravitySpace/Content/Assets/Sprites/Camada_21_Sprite.uexp" 583
"F:/Git/GravitySpace/Game/Unreal Project/GravitySpace/Content/Assets/Textures/Camada_20.uasset" 584
"F:/Git/GravitySpace/Game/Unreal Project/GravitySpace/Content/Assets/Textures/Camada_20.uexp" 585
"F:/Git/GravitySpace/Game/Unreal Project/GravitySpace/Content/Assets/Sprites/Camada_20_Sprite.uasset" 586
"F:/Git/GravitySpace/Game/Unreal Project/GravitySpace/Content/Assets/Sprites/Camada_20_Sprite.uexp" 587
"F:/Git/GravitySpace/Game/Unreal Project/GravitySpace/Content/Assets/Textures/Camada_1.uasset" 588
"F:/Git/GravitySpace/Game/Unreal Project/GravitySpace/Content/Assets/Textures/Camada_1.uexp" 589
"F:/Git/GravitySpace/Game/Unreal Project/GravitySpace/Content/Assets/Sprites/Camada_1_Sprite.uasset" 590
"F:/Git/GravitySpace/Game/Unreal Project/GravitySpace/Content/Assets/Sprites/Camada_1_Sprite.uexp" 591
"F:/Git/GravitySpace/Game/Unreal Project/GravitySpace/Content/Assets/Textures/Camada_19.uasset" 592
"F:/Git/GravitySpace/Game/Unreal Project/GravitySpace/Content/Assets/Textures/Camada_19.uexp" 593
"F:/Git/GravitySpace/Game/Unreal Project/GravitySpace/Content/Assets/Sprites/Camada_19_Sprite.uasset" 594
"F:/Git/GravitySpace/Game/Unreal Project/GravitySpace/Content/Assets/Sprites/Camada_19_Sprite.uexp" 595
"F:/Git/GravitySpace/Game/Unreal Project/GravitySpace/Content/Assets/Textures/Camada_18.uasset" 596
"F:/Git/GravitySpace/Game/Unreal Project/GravitySpace/Content/Assets/Textures/Camada_18.uexp" 597
"F:/Git/GravitySpace/Game/Unreal Project/GravitySpace/Content/Assets/Sprites/Camada_18_Sprite.uasset" 598
"F:/Git/GravitySpace/Game/Unreal Project/GravitySpace/Content/Assets/Sprites/Camada_18_Sprite.uexp" 599
"F:/Git/GravitySpace/Game/Unreal Project/GravitySpace/Content/Assets/Textures/Camada_17.uasset" 600
"F:/Git/GravitySpace/Game/Unreal Project/GravitySpace/Content/Assets/Textures/Camada_17.uexp" 601
"F:/Git/GravitySpace/Game/Unreal Project/GravitySpace/Content/Assets/Sprites/Camada_17_Sprite.uasset" 602
"F:/Git/GravitySpace/Game/Unreal Project/GravitySpace/Content/Assets/Sprites/Camada_17_Sprite.uexp" 603
"F:/Git/GravitySpace/Game/Unreal Project/GravitySpace/Content/Assets/Textures/Camada_16.uasset" 604
"F:/Git/GravitySpace/Game/Unreal Project/GravitySpace/Content/Assets/Textures/Camada_16.uexp" 605
"F:/Git/GravitySpace/Game/Unreal Project/GravitySpace/Content/Assets/Sprites/Camada_16_Sprite.uasset" 606
"F:/Git/GravitySpace/Game/Unreal Project/GravitySpace/Content/Assets/Sprites/Camada_16_Sprite.uexp" 607
"F:/Git/GravitySpace/Game/Unreal Project/GravitySpace/Content/Assets/Textures/Camada_15.uasset" 608
"F:/Git/GravitySpace/Game/Unreal Project/GravitySpace/Content/Assets/Textures/Camada_15.uexp" 609
"F:/Git/GravitySpace/Game/Unreal Project/GravitySpace/Content/Assets/Sprites/Camada_15_Sprite.uasset" 610
"F:/Git/GravitySpace/Game/Unreal Project/GravitySpace/Content/Assets/Sprites/Camada_15_Sprite.uexp" 611
"F:/Git/GravitySpace/Game/Unreal Project/GravitySpace/Content/Assets/Textures/Camada_14.uasset" 612
"F:/Git/GravitySpace/Game/Unreal Project/GravitySpace/Content/Assets/Textures/Camada_14.uexp" 613
"F:/Git/GravitySpace/Game/Unreal Project/GravitySpace/Content/Assets/Sprites/Camada_14_Sprite.uasset" 614
"F:/Git/GravitySpace/Game/Unreal Project/GravitySpace/Content/Assets/Sprites/Camada_14_Sprite.uexp" 615
"F:/Git/GravitySpace/Game/Unreal Project/GravitySpace/Content/Assets/Textures/Camada_13.uasset" 616
"F:/Git/GravitySpace/Game/Unreal Project/GravitySpace/Content/Assets/Textures/Camada_13.uexp" 617
"F:/Git/GravitySpace/Game/Unreal Project/GravitySpace/Content/Assets/Sprites/Camada_13_Sprite.uasset" 618
"F:/Git/GravitySpace/Game/Unreal Project/GravitySpace/Content/Assets/Sprites/Camada_13_Sprite.uexp" 619
"F:/Git/GravitySpace/Game/Unreal Project/GravitySpace/Content/Assets/Textures/Camada_12.uasset" 620
"F:/Git/GravitySpace/Game/Unreal Project/GravitySpace/Content/Assets/Textures/Camada_12.uexp" 621
"F:/Git/GravitySpace/Game/Unreal Project/GravitySpace/Content/Assets/Sprites/Camada_12_Sprite.uasset" 622
"F:/Git/GravitySpace/Game/Unreal Project/GravitySpace/Content/Assets/Sprites/Camada_12_Sprite.uexp" 623
"F:/Git/GravitySpace/Game/Unreal Project/GravitySpace/Content/Assets/Textures/Camada_11.uasset" 624
"F:/Git/GravitySpace/Game/Unreal Project/GravitySpace/Content/Assets/Textures/Camada_11.uexp" 625
"F:/Git/GravitySpace/Game/Unreal Project/GravitySpace/Content/Assets/Sprites/Camada_11_Sprite.uasset" 626
"F:/Git/GravitySpace/Game/Unreal Project/GravitySpace/Content/Assets/Sprites/Camada_11_Sprite.uexp" 627
"F:/Git/GravitySpace/Game/Unreal Project/GravitySpace/Content/Assets/Textures/Camada_10.uasset" 628
"F:/Git/GravitySpace/Game/Unreal Project/GravitySpace/Content/Assets/Textures/Camada_10.uexp" 629
"F:/Git/GravitySpace/Game/Unreal Project/GravitySpace/Content/Assets/Sprites/Camada_10_Sprite.uasset" 630
"F:/Git/GravitySpace/Game/Unreal Project/GravitySpace/Content/Assets/Sprites/Camada_10_Sprite.uexp" 631
"F:/Git/GravitySpace/Game/Unreal Project/GravitySpace/Content/Assets/Flipbook/PF_SpaceshipBullet.uasset" 632
"F:/Git/GravitySpace/Game/Unreal Project/GravitySpace/Content/Assets/Flipbook/PF_SpaceshipBullet.uexp" 633
"F:/Git/GravitySpace/Game/Unreal Project/GravitySpace/Content/Blueprints/BP_CharacterBullet.uasset" 634
"F:/Git/GravitySpace/Game/Unreal Project/GravitySpace/Content/Blueprints/BP_CharacterBullet.uexp" 635
"../../../Engine/Content/BasicShapes/BasicShapeMaterial.uasset" 636
"../../../Engine/Content/BasicShapes/BasicShapeMaterial.uexp" 637
"../../../Engine/Content/VREditor/TransformGizmo/RotationHandleIndicator.uasset" 638
"../../../Engine/Content/VREditor/TransformGizmo/RotationHandleIndicator.uexp" 639
"F:/Git/GravitySpace/Game/Unreal Project/GravitySpace/Content/Assets/Meshs/Spaceship/StarSparrow01_Skeleton.uasset" 640
"F:/Git/GravitySpace/Game/Unreal Project/GravitySpace/Content/Assets/Meshs/Spaceship/StarSparrow01_Skeleton.uexp" 641
"F:/Git/GravitySpace/Game/Unreal Project/GravitySpace/Content/Assets/Meshs/Spaceship/StarSparrow01_PhysicsAsset.uasset" 642
"F:/Git/GravitySpace/Game/Unreal Project/GravitySpace/Content/Assets/Meshs/Spaceship/StarSparrow01_PhysicsAsset.uexp" 643
"../../../Engine/Content/EngineMaterials/BlinkingCaret.uasset" 644
"../../../Engine/Content/EngineMaterials/BlinkingCaret.uexp" 645
"F:/Git/GravitySpace/Game/Unreal Project/GravitySpace/Content/Assets/Meshs/Spaceship/StarSparrow01.uasset" 646
"F:/Git/GravitySpace/Game/Unreal Project/GravitySpace/Content/Assets/Meshs/Spaceship/StarSparrow01.uexp" 647
"F:/Git/GravitySpace/Game/Unreal Project/GravitySpace/Content/Blueprints/BP_CharacterSpaceship.uasset" 648
"F:/Git/GravitySpace/Game/Unreal Project/GravitySpace/Content/Blueprints/BP_CharacterSpaceship.uexp" 649
"../../../Engine/Content/VREditor/Sounds/UI/Click_on_Button.ubulk" 650
"../../../Engine/Content/VREditor/Sounds/UI/Click_on_Button.uasset" 651
"../../../Engine/Content/VREditor/Sounds/UI/Click_on_Button.uexp" 652
"F:/Git/GravitySpace/Game/Unreal Project/GravitySpace/Content/UI/Widgets/WB_GameMainMenu.uasset" 653
"F:/Git/GravitySpace/Game/Unreal Project/GravitySpace/Content/UI/Widgets/WB_GameMainMenu.uexp" 654
"F:/Git/GravitySpace/Game/Unreal Project/GravitySpace/Content/UI/Widgets/WB_GameOver.uasset" 655
"F:/Git/GravitySpace/Game/Unreal Project/GravitySpace/Content/UI/Widgets/WB_GameOver.uexp" 656
"F:/Git/GravitySpace/Game/Unreal Project/GravitySpace/Content/UI/Widgets/WB_PlayerScoreHUD.uasset" 657
"F:/Git/GravitySpace/Game/Unreal Project/GravitySpace/Content/UI/Widgets/WB_PlayerScoreHUD.uexp" 658
"F:/Git/GravitySpace/Game/Unreal Project/GravitySpace/Content/Blueprints/BP_GravitySpaceGameMode.uasset" 659
"F:/Git/GravitySpace/Game/Unreal Project/GravitySpace/Content/Blueprints/BP_GravitySpaceGameMode.uexp" 660
"../../../Engine/Content/EngineDebugMaterials/HeatmapGradient.ubulk" 661
"../../../Engine/Content/EngineDebugMaterials/HeatmapGradient.uasset" 662
"../../../Engine/Content/EngineDebugMaterials/HeatmapGradient.uexp" 663
"../../../Engine/Content/EngineDebugMaterials/HeatmapMaterial.uasset" 664
"../../../Engine/Content/EngineDebugMaterials/HeatmapMaterial.uexp" 665
"F:/Git/GravitySpace/Game/Unreal Project/GravitySpace/Content/Blueprints/BP_EnemyBullet.uasset" 666
"F:/Git/GravitySpace/Game/Unreal Project/GravitySpace/Content/Blueprints/BP_EnemyBullet.uexp" 667
"../../../Engine/Content/BasicShapes/Sphere.uasset" 668
"../../../Engine/Content/BasicShapes/Sphere.uexp" 669
"../../../Engine/Content/EditorMaterials/Cloth/CameraLitDoubleSided.uasset" 670
"../../../Engine/Content/EditorMaterials/Cloth/CameraLitDoubleSided.uexp" 671
"F:/Git/GravitySpace/Game/Unreal Project/GravitySpace/Content/Blueprints/BP_EnemyTower.uasset" 672
"F:/Git/GravitySpace/Game/Unreal Project/GravitySpace/Content/Blueprints/BP_EnemyTower.uexp" 673
"../../../Engine/Content/EngineMaterials/DefaultWhiteGrid.ubulk" 674
"../../../Engine/Content/EngineMaterials/DefaultWhiteGrid.uasset" 675
"../../../Engine/Content/EngineMaterials/DefaultWhiteGrid.uexp" 676
"../../../Engine/Content/EngineDebugMaterials/MAT_LevelColorationLitLightmapUV.uasset" 677
"../../../Engine/Content/EngineDebugMaterials/MAT_LevelColorationLitLightmapUV.uexp" 678
"F:/Git/GravitySpace/Game/Unreal Project/GravitySpace/Content/Assets/Meshs/Spaceship/StarSparrow11_PhysicsAsset.uasset" 679
"F:/Git/GravitySpace/Game/Unreal Project/GravitySpace/Content/Assets/Meshs/Spaceship/StarSparrow11_PhysicsAsset.uexp" 680
"F:/Git/GravitySpace/Game/Unreal Project/GravitySpace/Content/Assets/Meshs/Spaceship/StarSparrow11.uasset" 681
"F:/Git/GravitySpace/Game/Unreal Project/GravitySpace/Content/Assets/Meshs/Spaceship/StarSparrow11.uexp" 682
"../../../Engine/Content/EditorBlueprintResources/StandardMacros.uasset" 683
"../../../Engine/Content/EditorBlueprintResources/StandardMacros.uexp" 684
"F:/Git/GravitySpace/Game/Unreal Project/GravitySpace/Content/Blueprints/BP_EnemySpaceship.uasset" 685
"F:/Git/GravitySpace/Game/Unreal Project/GravitySpace/Content/Blueprints/BP_EnemySpaceship.uexp" 686
"F:/Git/GravitySpace/Game/Unreal Project/GravitySpace/Content/Blueprints/BP_ElementsSpawner.uasset" 687
"F:/Git/GravitySpace/Game/Unreal Project/GravitySpace/Content/Blueprints/BP_ElementsSpawner.uexp" 688
"F:/Git/GravitySpace/Game/Unreal Project/GravitySpace/Content/Maps/LVL_GravitySpace.uexp" 689
"F:/Git/GravitySpace/Game/Unreal Project/GravitySpace/Content/Maps/LVL_GravitySpace.umap" 690
